<?xml version="1.0" encoding="UTF-8"?>
<coverage generated="1679411958664" clover="3.2.0">
  <project timestamp="1679411958664" name="All files">
    <metrics statements="9" coveredstatements="9" conditionals="0" coveredconditionals="0" methods="5" coveredmethods="5" elements="14" coveredelements="14" complexity="0" loc="9" ncloc="9" packages="1" files="3" classes="3"/>
    <file name="project.ts" path="C:\Users\Caela\source\repos\soa3ProjectManagementSysteem\src\core\project.ts">
      <metrics statements="3" coveredstatements="3" conditionals="0" coveredconditionals="0" methods="2" coveredmethods="2"/>
      <line num="3" count="1" type="stmt"/>
      <line num="7" count="1" type="stmt"/>
      <line num="11" count="1" type="stmt"/>
    </file>
    <file name="projectManagement.ts" path="C:\Users\Caela\source\repos\soa3ProjectManagementSysteem\src\core\projectManagement.ts">
      <metrics statements="4" coveredstatements="4" conditionals="0" coveredconditionals="0" methods="2" coveredmethods="2"/>
      <line num="3" count="1" type="stmt"/>
      <line num="4" count="1" type="stmt"/>
      <line num="7" count="1" type="stmt"/>
      <line num="11" count="1" type="stmt"/>
    </file>
    <file name="sprint.ts" path="C:\Users\Caela\source\repos\soa3ProjectManagementSysteem\src\core\sprint.ts">
      <metrics statements="2" coveredstatements="2" conditionals="0" coveredconditionals="0" methods="1" coveredmethods="1"/>
      <line num="1" count="1" type="stmt"/>
      <line num="5" count="1" type="stmt"/>
    </file>
  </project>
</coverage>
