{"G:\\avans\\eindproject soa3.3\\soa3ProjectManagementSysteem\\src\\core\\backlog.ts": {"path":"G:\\avans\\eindproject soa3.3\\soa3ProjectManagementSysteem\\src\\core\\backlog.ts","statementMap":{"0":{"start":{"line":9,"column":8},"end":{"line":9,"column":23}},"1":{"start":{"line":13,"column":8},"end":{"line":13,"column":null}},"2":{"start":{"line":17,"column":8},"end":{"line":17,"column":32}},"3":{"start":{"line":21,"column":8},"end":{"line":25,"column":null}},"4":{"start":{"line":22,"column":12},"end":{"line":24,"column":null}},"5":{"start":{"line":23,"column":16},"end":{"line":23,"column":29}},"6":{"start":{"line":26,"column":8},"end":{"line":26,"column":20}},"7":{"start":{"line":4,"column":0},"end":{"line":4,"column":13}}},"fnMap":{"0":{"name":"(anonymous_0)","decl":{"start":{"line":8,"column":4},"end":{"line":8,"column":null}},"loc":{"start":{"line":8,"column":4},"end":{"line":10,"column":5}}},"1":{"name":"(anonymous_1)","decl":{"start":{"line":12,"column":11},"end":{"line":12,"column":18}},"loc":{"start":{"line":12,"column":29},"end":{"line":14,"column":5}}},"2":{"name":"(anonymous_2)","decl":{"start":{"line":16,"column":11},"end":{"line":16,"column":18}},"loc":{"start":{"line":16,"column":32},"end":{"line":18,"column":5}}},"3":{"name":"(anonymous_3)","decl":{"start":{"line":20,"column":11},"end":{"line":20,"column":21}},"loc":{"start":{"line":20,"column":21},"end":{"line":27,"column":5}}},"4":{"name":"(anonymous_4)","decl":{"start":{"line":21,"column":26},"end":{"line":21,"column":30}},"loc":{"start":{"line":21,"column":33},"end":{"line":25,"column":9}}}},"branchMap":{"0":{"loc":{"start":{"line":22,"column":12},"end":{"line":24,"column":null}},"type":"if","locations":[{"start":{"line":22,"column":12},"end":{"line":24,"column":null}}]}},"s":{"0":6,"1":3,"2":3,"3":1,"4":0,"5":0,"6":1,"7":1},"f":{"0":6,"1":3,"2":3,"3":1,"4":0},"b":{"0":[0]}}
,"G:\\avans\\eindproject soa3.3\\soa3ProjectManagementSysteem\\src\\core\\item.ts": {"path":"G:\\avans\\eindproject soa3.3\\soa3ProjectManagementSysteem\\src\\core\\item.ts","statementMap":{"0":{"start":{"line":2,"column":0},"end":{"line":2,"column":69}},"1":{"start":{"line":3,"column":0},"end":{"line":3,"column":67}},"2":{"start":{"line":4,"column":0},"end":{"line":4,"column":89}},"3":{"start":{"line":5,"column":0},"end":{"line":5,"column":73}},"4":{"start":{"line":6,"column":0},"end":{"line":6,"column":67}},"5":{"start":{"line":7,"column":0},"end":{"line":7,"column":71}},"6":{"start":{"line":9,"column":0},"end":{"line":9,"column":70}},"7":{"start":{"line":27,"column":8},"end":{"line":27,"column":16}},"8":{"start":{"line":24,"column":12},"end":{"line":24,"column":40}},"9":{"start":{"line":28,"column":8},"end":{"line":28,"column":53}},"10":{"start":{"line":29,"column":8},"end":{"line":29,"column":55}},"11":{"start":{"line":30,"column":8},"end":{"line":30,"column":75}},"12":{"start":{"line":31,"column":8},"end":{"line":31,"column":59}},"13":{"start":{"line":32,"column":8},"end":{"line":32,"column":57}},"14":{"start":{"line":33,"column":8},"end":{"line":33,"column":53}},"15":{"start":{"line":35,"column":8},"end":{"line":35,"column":41}},"16":{"start":{"line":37,"column":8},"end":{"line":37,"column":21}},"17":{"start":{"line":38,"column":8},"end":{"line":38,"column":39}},"18":{"start":{"line":42,"column":8},"end":{"line":42,"column":39}},"19":{"start":{"line":46,"column":31},"end":{"line":46,"column":104}},"20":{"start":{"line":46,"column":64},"end":{"line":46,"column":103}},"21":{"start":{"line":47,"column":8},"end":{"line":47,"column":39}},"22":{"start":{"line":51,"column":8},"end":{"line":51,"column":51}},"23":{"start":{"line":55,"column":8},"end":{"line":55,"column":32}},"24":{"start":{"line":56,"column":8},"end":{"line":56,"column":37}},"25":{"start":{"line":60,"column":2},"end":{"line":60,"column":22}},"26":{"start":{"line":64,"column":8},"end":{"line":64,"column":27}},"27":{"start":{"line":68,"column":8},"end":{"line":68,"column":34}},"28":{"start":{"line":72,"column":8},"end":{"line":72,"column":35}},"29":{"start":{"line":76,"column":8},"end":{"line":76,"column":45}},"30":{"start":{"line":80,"column":8},"end":{"line":80,"column":37}},"31":{"start":{"line":84,"column":8},"end":{"line":84,"column":36}},"32":{"start":{"line":88,"column":8},"end":{"line":88,"column":34}},"33":{"start":{"line":12,"column":0},"end":{"line":12,"column":13}}},"fnMap":{"0":{"name":"(anonymous_0)","decl":{"start":{"line":26,"column":4},"end":{"line":26,"column":16}},"loc":{"start":{"line":26,"column":47},"end":{"line":39,"column":5}}},"1":{"name":"(anonymous_1)","decl":{"start":{"line":41,"column":11},"end":{"line":41,"column":25}},"loc":{"start":{"line":41,"column":44},"end":{"line":43,"column":5}}},"2":{"name":"(anonymous_2)","decl":{"start":{"line":45,"column":11},"end":{"line":45,"column":25}},"loc":{"start":{"line":45,"column":44},"end":{"line":48,"column":5}}},"3":{"name":"(anonymous_3)","decl":{"start":{"line":46,"column":52},"end":{"line":46,"column":60}},"loc":{"start":{"line":46,"column":64},"end":{"line":46,"column":103}}},"4":{"name":"(anonymous_4)","decl":{"start":{"line":50,"column":11},"end":{"line":50,"column":25}},"loc":{"start":{"line":50,"column":25},"end":{"line":52,"column":5}}},"5":{"name":"(anonymous_5)","decl":{"start":{"line":54,"column":4},"end":{"line":54,"column":17}},"loc":{"start":{"line":54,"column":34},"end":{"line":57,"column":5}}},"6":{"name":"(anonymous_6)","decl":{"start":{"line":59,"column":11},"end":{"line":59,"column":19}},"loc":{"start":{"line":59,"column":36},"end":{"line":61,"column":2}}},"7":{"name":"(anonymous_7)","decl":{"start":{"line":63,"column":11},"end":{"line":63,"column":19}},"loc":{"start":{"line":63,"column":19},"end":{"line":65,"column":5}}},"8":{"name":"(anonymous_8)","decl":{"start":{"line":67,"column":11},"end":{"line":67,"column":27}},"loc":{"start":{"line":67,"column":27},"end":{"line":69,"column":5}}},"9":{"name":"(anonymous_9)","decl":{"start":{"line":71,"column":11},"end":{"line":71,"column":28}},"loc":{"start":{"line":71,"column":28},"end":{"line":73,"column":5}}},"10":{"name":"(anonymous_10)","decl":{"start":{"line":75,"column":11},"end":{"line":75,"column":38}},"loc":{"start":{"line":75,"column":38},"end":{"line":77,"column":5}}},"11":{"name":"(anonymous_11)","decl":{"start":{"line":79,"column":11},"end":{"line":79,"column":30}},"loc":{"start":{"line":79,"column":30},"end":{"line":81,"column":5}}},"12":{"name":"(anonymous_12)","decl":{"start":{"line":83,"column":11},"end":{"line":83,"column":29}},"loc":{"start":{"line":83,"column":29},"end":{"line":85,"column":5}}},"13":{"name":"(anonymous_13)","decl":{"start":{"line":87,"column":11},"end":{"line":87,"column":27}},"loc":{"start":{"line":87,"column":27},"end":{"line":89,"column":5}}}},"branchMap":{"0":{"loc":{"start":{"line":47,"column":8},"end":{"line":47,"column":38}},"type":"cond-expr","locations":[{"start":{"line":47,"column":24},"end":{"line":47,"column":26}},{"start":{"line":47,"column":8},"end":{"line":47,"column":38}}]},"1":{"loc":{"start":{"line":47,"column":8},"end":{"line":47,"column":26}},"type":"binary-expr","locations":[{"start":{"line":47,"column":8},"end":{"line":47,"column":26}},{"start":{"line":47,"column":8},"end":{"line":47,"column":26}}]}},"s":{"0":1,"1":1,"2":1,"3":1,"4":1,"5":1,"6":1,"7":6,"8":6,"9":6,"10":6,"11":6,"12":6,"13":6,"14":6,"15":6,"16":6,"17":6,"18":0,"19":0,"20":0,"21":0,"22":0,"23":0,"24":0,"25":0,"26":0,"27":0,"28":0,"29":0,"30":0,"31":0,"32":0,"33":1},"f":{"0":6,"1":0,"2":0,"3":0,"4":0,"5":0,"6":0,"7":0,"8":0,"9":0,"10":0,"11":0,"12":0,"13":0},"b":{"0":[0,0],"1":[0,0]}}
,"G:\\avans\\eindproject soa3.3\\soa3ProjectManagementSysteem\\src\\core\\sprint.ts": {"path":"G:\\avans\\eindproject soa3.3\\soa3ProjectManagementSysteem\\src\\core\\sprint.ts","statementMap":{"0":{"start":{"line":2,"column":0},"end":{"line":2,"column":80}},"1":{"start":{"line":3,"column":0},"end":{"line":3,"column":84}},"2":{"start":{"line":4,"column":0},"end":{"line":4,"column":80}},"3":{"start":{"line":5,"column":0},"end":{"line":5,"column":78}},"4":{"start":{"line":6,"column":0},"end":{"line":6,"column":82}},"5":{"start":{"line":10,"column":0},"end":{"line":10,"column":76}},"6":{"start":{"line":11,"column":0},"end":{"line":11,"column":78}},"7":{"start":{"line":12,"column":0},"end":{"line":12,"column":78}},"8":{"start":{"line":43,"column":8},"end":{"line":43,"column":63}},"9":{"start":{"line":44,"column":8},"end":{"line":44,"column":69}},"10":{"start":{"line":45,"column":8},"end":{"line":45,"column":65}},"11":{"start":{"line":46,"column":8},"end":{"line":46,"column":65}},"12":{"start":{"line":47,"column":8},"end":{"line":47,"column":67}},"13":{"start":{"line":48,"column":8},"end":{"line":48,"column":61}},"14":{"start":{"line":50,"column":8},"end":{"line":50,"column":46}},"15":{"start":{"line":51,"column":8},"end":{"line":51,"column":43}},"16":{"start":{"line":52,"column":8},"end":{"line":52,"column":45}},"17":{"start":{"line":53,"column":8},"end":{"line":53,"column":33}},"18":{"start":{"line":55,"column":8},"end":{"line":55,"column":25}},"19":{"start":{"line":56,"column":8},"end":{"line":56,"column":35}},"20":{"start":{"line":57,"column":8},"end":{"line":57,"column":31}},"21":{"start":{"line":58,"column":8},"end":{"line":58,"column":41}},"22":{"start":{"line":59,"column":8},"end":{"line":59,"column":60}},"23":{"start":{"line":63,"column":8},"end":{"line":65,"column":38}},"24":{"start":{"line":66,"column":8},"end":{"line":66,"column":53}},"25":{"start":{"line":70,"column":8},"end":{"line":70,"column":48}},"26":{"start":{"line":74,"column":8},"end":{"line":74,"column":33}},"27":{"start":{"line":78,"column":8},"end":{"line":78,"column":32}},"28":{"start":{"line":82,"column":8},"end":{"line":82,"column":28}},"29":{"start":{"line":86,"column":8},"end":{"line":86,"column":27}},"30":{"start":{"line":90,"column":8},"end":{"line":90,"column":39}},"31":{"start":{"line":94,"column":8},"end":{"line":94,"column":42}},"32":{"start":{"line":98,"column":8},"end":{"line":98,"column":40}},"33":{"start":{"line":102,"column":8},"end":{"line":102,"column":40}},"34":{"start":{"line":106,"column":8},"end":{"line":106,"column":41}},"35":{"start":{"line":110,"column":8},"end":{"line":110,"column":38}},"36":{"start":{"line":114,"column":8},"end":{"line":114,"column":35}},"37":{"start":{"line":118,"column":8},"end":{"line":118,"column":34}},"38":{"start":{"line":122,"column":8},"end":{"line":122,"column":25}},"39":{"start":{"line":126,"column":8},"end":{"line":126,"column":30}},"40":{"start":{"line":130,"column":8},"end":{"line":130,"column":28}},"41":{"start":{"line":134,"column":8},"end":{"line":134,"column":33}},"42":{"start":{"line":138,"column":8},"end":{"line":138,"column":25}},"43":{"start":{"line":142,"column":8},"end":{"line":142,"column":35}},"44":{"start":{"line":146,"column":8},"end":{"line":146,"column":31}},"45":{"start":{"line":150,"column":8},"end":{"line":150,"column":29}},"46":{"start":{"line":15,"column":0},"end":{"line":15,"column":13}}},"fnMap":{"0":{"name":"(anonymous_0)","decl":{"start":{"line":34,"column":4},"end":{"line":34,"column":null}},"loc":{"start":{"line":41,"column":34},"end":{"line":60,"column":5}}},"1":{"name":"(anonymous_1)","decl":{"start":{"line":62,"column":11},"end":{"line":62,"column":23}},"loc":{"start":{"line":62,"column":38},"end":{"line":67,"column":5}}},"2":{"name":"(anonymous_2)","decl":{"start":{"line":69,"column":11},"end":{"line":69,"column":31}},"loc":{"start":{"line":69,"column":45},"end":{"line":71,"column":5}}},"3":{"name":"(anonymous_3)","decl":{"start":{"line":73,"column":11},"end":{"line":73,"column":21}},"loc":{"start":{"line":73,"column":21},"end":{"line":75,"column":5}}},"4":{"name":"(anonymous_4)","decl":{"start":{"line":77,"column":11},"end":{"line":77,"column":20}},"loc":{"start":{"line":77,"column":20},"end":{"line":79,"column":5}}},"5":{"name":"(anonymous_5)","decl":{"start":{"line":81,"column":11},"end":{"line":81,"column":19}},"loc":{"start":{"line":81,"column":38},"end":{"line":83,"column":5}}},"6":{"name":"(anonymous_6)","decl":{"start":{"line":85,"column":11},"end":{"line":85,"column":19}},"loc":{"start":{"line":85,"column":19},"end":{"line":87,"column":5}}},"7":{"name":"(anonymous_7)","decl":{"start":{"line":89,"column":11},"end":{"line":89,"column":32}},"loc":{"start":{"line":89,"column":32},"end":{"line":91,"column":5}}},"8":{"name":"(anonymous_8)","decl":{"start":{"line":93,"column":11},"end":{"line":93,"column":35}},"loc":{"start":{"line":93,"column":35},"end":{"line":95,"column":5}}},"9":{"name":"(anonymous_9)","decl":{"start":{"line":97,"column":11},"end":{"line":97,"column":33}},"loc":{"start":{"line":97,"column":33},"end":{"line":99,"column":5}}},"10":{"name":"(anonymous_10)","decl":{"start":{"line":101,"column":11},"end":{"line":101,"column":33}},"loc":{"start":{"line":101,"column":33},"end":{"line":103,"column":5}}},"11":{"name":"(anonymous_11)","decl":{"start":{"line":105,"column":11},"end":{"line":105,"column":34}},"loc":{"start":{"line":105,"column":34},"end":{"line":107,"column":5}}},"12":{"name":"(anonymous_12)","decl":{"start":{"line":109,"column":11},"end":{"line":109,"column":31}},"loc":{"start":{"line":109,"column":31},"end":{"line":111,"column":5}}},"13":{"name":"(anonymous_13)","decl":{"start":{"line":113,"column":11},"end":{"line":113,"column":28}},"loc":{"start":{"line":113,"column":28},"end":{"line":115,"column":5}}},"14":{"name":"(anonymous_14)","decl":{"start":{"line":117,"column":11},"end":{"line":117,"column":27}},"loc":{"start":{"line":117,"column":27},"end":{"line":119,"column":5}}},"15":{"name":"(anonymous_15)","decl":{"start":{"line":121,"column":11},"end":{"line":121,"column":18}},"loc":{"start":{"line":121,"column":18},"end":{"line":123,"column":5}}},"16":{"name":"(anonymous_16)","decl":{"start":{"line":125,"column":11},"end":{"line":125,"column":23}},"loc":{"start":{"line":125,"column":23},"end":{"line":127,"column":5}}},"17":{"name":"(anonymous_17)","decl":{"start":{"line":129,"column":11},"end":{"line":129,"column":21}},"loc":{"start":{"line":129,"column":21},"end":{"line":131,"column":5}}},"18":{"name":"(anonymous_18)","decl":{"start":{"line":133,"column":11},"end":{"line":133,"column":26}},"loc":{"start":{"line":133,"column":26},"end":{"line":135,"column":5}}},"19":{"name":"(anonymous_19)","decl":{"start":{"line":137,"column":11},"end":{"line":137,"column":18}},"loc":{"start":{"line":137,"column":31},"end":{"line":139,"column":5}}},"20":{"name":"(anonymous_20)","decl":{"start":{"line":141,"column":11},"end":{"line":141,"column":23}},"loc":{"start":{"line":141,"column":39},"end":{"line":143,"column":5}}},"21":{"name":"(anonymous_21)","decl":{"start":{"line":145,"column":11},"end":{"line":145,"column":21}},"loc":{"start":{"line":145,"column":35},"end":{"line":147,"column":5}}},"22":{"name":"(anonymous_22)","decl":{"start":{"line":149,"column":11},"end":{"line":149,"column":22}},"loc":{"start":{"line":149,"column":22},"end":{"line":151,"column":5}}}},"branchMap":{"0":{"loc":{"start":{"line":63,"column":36},"end":{"line":65,"column":37}},"type":"cond-expr","locations":[{"start":{"line":64,"column":14},"end":{"line":64,"column":37}},{"start":{"line":65,"column":14},"end":{"line":65,"column":37}}]}},"s":{"0":1,"1":1,"2":1,"3":1,"4":1,"5":1,"6":1,"7":1,"8":4,"9":4,"10":4,"11":4,"12":4,"13":4,"14":4,"15":4,"16":4,"17":4,"18":4,"19":4,"20":4,"21":4,"22":4,"23":0,"24":0,"25":1,"26":1,"27":4,"28":5,"29":6,"30":0,"31":2,"32":1,"33":1,"34":0,"35":1,"36":3,"37":3,"38":1,"39":1,"40":1,"41":0,"42":1,"43":1,"44":1,"45":2,"46":1},"f":{"0":4,"1":0,"2":1,"3":1,"4":4,"5":5,"6":6,"7":0,"8":2,"9":1,"10":1,"11":0,"12":1,"13":3,"14":3,"15":1,"16":1,"17":1,"18":0,"19":1,"20":1,"21":1,"22":2},"b":{"0":[0,0]}}
,"G:\\avans\\eindproject soa3.3\\soa3ProjectManagementSysteem\\src\\itemThread\\component.ts": {"path":"G:\\avans\\eindproject soa3.3\\soa3ProjectManagementSysteem\\src\\itemThread\\component.ts","statementMap":{"0":{"start":{"line":3,"column":0},"end":{"line":3,"column":22}}},"fnMap":{},"branchMap":{},"s":{"0":1},"f":{},"b":{}}
,"G:\\avans\\eindproject soa3.3\\soa3ProjectManagementSysteem\\src\\itemThread\\compositeComponent.ts": {"path":"G:\\avans\\eindproject soa3.3\\soa3ProjectManagementSysteem\\src\\itemThread\\compositeComponent.ts","statementMap":{"0":{"start":{"line":1,"column":0},"end":{"line":1,"column":40}},"1":{"start":{"line":8,"column":8},"end":{"line":8,"column":16}},"2":{"start":{"line":9,"column":8},"end":{"line":9,"column":24}},"3":{"start":{"line":13,"column":8},"end":{"line":13,"column":35}},"4":{"start":{"line":17,"column":8},"end":{"line":17,"column":33}},"5":{"start":{"line":21,"column":8},"end":{"line":21,"column":33}},"6":{"start":{"line":25,"column":8},"end":{"line":25,"column":87}},"7":{"start":{"line":25,"column":53},"end":{"line":25,"column":85}},"8":{"start":{"line":4,"column":0},"end":{"line":4,"column":13}}},"fnMap":{"0":{"name":"(anonymous_0)","decl":{"start":{"line":7,"column":4},"end":{"line":7,"column":null}},"loc":{"start":{"line":7,"column":4},"end":{"line":10,"column":5}}},"1":{"name":"(anonymous_1)","decl":{"start":{"line":12,"column":4},"end":{"line":12,"column":16}},"loc":{"start":{"line":12,"column":37},"end":{"line":14,"column":5}}},"2":{"name":"(anonymous_2)","decl":{"start":{"line":16,"column":4},"end":{"line":16,"column":16}},"loc":{"start":{"line":16,"column":30},"end":{"line":18,"column":5}}},"3":{"name":"(anonymous_3)","decl":{"start":{"line":20,"column":4},"end":{"line":20,"column":11}},"loc":{"start":{"line":20,"column":11},"end":{"line":22,"column":5}}},"4":{"name":"(anonymous_4)","decl":{"start":{"line":24,"column":4},"end":{"line":24,"column":17}},"loc":{"start":{"line":24,"column":34},"end":{"line":26,"column":5}}},"5":{"name":"(anonymous_5)","decl":{"start":{"line":25,"column":27},"end":{"line":25,"column":28}},"loc":{"start":{"line":25,"column":53},"end":{"line":25,"column":85}}}},"branchMap":{},"s":{"0":1,"1":6,"2":6,"3":0,"4":0,"5":0,"6":0,"7":0,"8":1},"f":{"0":6,"1":0,"2":0,"3":0,"4":0,"5":0},"b":{}}
,"G:\\avans\\eindproject soa3.3\\soa3ProjectManagementSysteem\\src\\messenger\\emailService.ts": {"path":"G:\\avans\\eindproject soa3.3\\soa3ProjectManagementSysteem\\src\\messenger\\emailService.ts","statementMap":{"0":{"start":{"line":5,"column":8},"end":{"line":5,"column":54}},"1":{"start":{"line":3,"column":0},"end":{"line":3,"column":13}}},"fnMap":{"0":{"name":"(anonymous_0)","decl":{"start":{"line":4,"column":4},"end":{"line":4,"column":15}},"loc":{"start":{"line":4,"column":28},"end":{"line":6,"column":5}}}},"branchMap":{},"s":{"0":0,"1":1},"f":{"0":0},"b":{}}
,"G:\\avans\\eindproject soa3.3\\soa3ProjectManagementSysteem\\src\\pipeline\\developerPipeline.ts": {"path":"G:\\avans\\eindproject soa3.3\\soa3ProjectManagementSysteem\\src\\pipeline\\developerPipeline.ts","statementMap":{"0":{"start":{"line":1,"column":0},"end":{"line":1,"column":38}},"1":{"start":{"line":6,"column":8},"end":{"line":6,"column":16}},"2":{"start":{"line":10,"column":4},"end":{"line":10,"column":36}},"3":{"start":{"line":11,"column":4},"end":{"line":11,"column":27}},"4":{"start":{"line":12,"column":4},"end":{"line":12,"column":21}},"5":{"start":{"line":13,"column":4},"end":{"line":13,"column":20}},"6":{"start":{"line":14,"column":4},"end":{"line":14,"column":18}},"7":{"start":{"line":15,"column":4},"end":{"line":15,"column":27}},"8":{"start":{"line":16,"column":4},"end":{"line":16,"column":38}},"9":{"start":{"line":19,"column":4},"end":{"line":19,"column":71}},"10":{"start":{"line":23,"column":4},"end":{"line":23,"column":42}},"11":{"start":{"line":27,"column":4},"end":{"line":27,"column":36}},"12":{"start":{"line":31,"column":4},"end":{"line":31,"column":36}},"13":{"start":{"line":35,"column":4},"end":{"line":35,"column":32}},"14":{"start":{"line":3,"column":0},"end":{"line":3,"column":13}}},"fnMap":{"0":{"name":"(anonymous_0)","decl":{"start":{"line":5,"column":4},"end":{"line":5,"column":null}},"loc":{"start":{"line":5,"column":4},"end":{"line":7,"column":5}}},"1":{"name":"(anonymous_1)","decl":{"start":{"line":9,"column":2},"end":{"line":9,"column":7}},"loc":{"start":{"line":9,"column":7},"end":{"line":20,"column":3}}},"2":{"name":"(anonymous_2)","decl":{"start":{"line":22,"column":2},"end":{"line":22,"column":17}},"loc":{"start":{"line":22,"column":17},"end":{"line":24,"column":3}}},"3":{"name":"(anonymous_3)","decl":{"start":{"line":26,"column":2},"end":{"line":26,"column":11}},"loc":{"start":{"line":26,"column":11},"end":{"line":28,"column":3}}},"4":{"name":"(anonymous_4)","decl":{"start":{"line":30,"column":2},"end":{"line":30,"column":10}},"loc":{"start":{"line":30,"column":10},"end":{"line":32,"column":3}}},"5":{"name":"(anonymous_5)","decl":{"start":{"line":34,"column":2},"end":{"line":34,"column":8}},"loc":{"start":{"line":34,"column":8},"end":{"line":36,"column":3}}}},"branchMap":{},"s":{"0":1,"1":5,"2":1,"3":1,"4":1,"5":1,"6":1,"7":1,"8":1,"9":1,"10":1,"11":1,"12":1,"13":1,"14":1},"f":{"0":5,"1":1,"2":1,"3":1,"4":1,"5":1},"b":{}}
,"G:\\avans\\eindproject soa3.3\\soa3ProjectManagementSysteem\\src\\pipeline\\pipeline.ts": {"path":"G:\\avans\\eindproject soa3.3\\soa3ProjectManagementSysteem\\src\\pipeline\\pipeline.ts","statementMap":{"0":{"start":{"line":2,"column":12},"end":{"line":2,"column":38}},"1":{"start":{"line":18,"column":8},"end":{"line":18,"column":29}},"2":{"start":{"line":22,"column":8},"end":{"line":22,"column":30}},"3":{"start":{"line":1,"column":0},"end":{"line":1,"column":22}}},"fnMap":{"0":{"name":"(anonymous_0)","decl":{"start":{"line":4,"column":4},"end":{"line":4,"column":null}},"loc":{"start":{"line":4,"column":4},"end":{"line":5,"column":5}}},"1":{"name":"(anonymous_1)","decl":{"start":{"line":17,"column":4},"end":{"line":17,"column":14}},"loc":{"start":{"line":17,"column":14},"end":{"line":19,"column":5}}},"2":{"name":"(anonymous_2)","decl":{"start":{"line":21,"column":4},"end":{"line":21,"column":15}},"loc":{"start":{"line":21,"column":30},"end":{"line":23,"column":7}}}},"branchMap":{},"s":{"0":5,"1":1,"2":1,"3":1},"f":{"0":5,"1":1,"2":1},"b":{}}
,"G:\\avans\\eindproject soa3.3\\soa3ProjectManagementSysteem\\src\\reportExportStrategy\\exportReportToPDF.ts": {"path":"G:\\avans\\eindproject soa3.3\\soa3ProjectManagementSysteem\\src\\reportExportStrategy\\exportReportToPDF.ts","statementMap":{"0":{"start":{"line":6,"column":8},"end":{"line":6,"column":79}},"1":{"start":{"line":4,"column":0},"end":{"line":4,"column":13}}},"fnMap":{"0":{"name":"(anonymous_0)","decl":{"start":{"line":5,"column":4},"end":{"line":5,"column":16}},"loc":{"start":{"line":5,"column":31},"end":{"line":7,"column":5}}}},"branchMap":{},"s":{"0":0,"1":1},"f":{"0":0},"b":{}}
,"G:\\avans\\eindproject soa3.3\\soa3ProjectManagementSysteem\\src\\reportExportStrategy\\exportReportToPNG.ts": {"path":"G:\\avans\\eindproject soa3.3\\soa3ProjectManagementSysteem\\src\\reportExportStrategy\\exportReportToPNG.ts","statementMap":{"0":{"start":{"line":6,"column":4},"end":{"line":6,"column":75}},"1":{"start":{"line":4,"column":0},"end":{"line":4,"column":13}}},"fnMap":{"0":{"name":"(anonymous_0)","decl":{"start":{"line":5,"column":2},"end":{"line":5,"column":14}},"loc":{"start":{"line":5,"column":29},"end":{"line":7,"column":3}}}},"branchMap":{},"s":{"0":0,"1":1},"f":{"0":0},"b":{}}
,"G:\\avans\\eindproject soa3.3\\soa3ProjectManagementSysteem\\src\\states\\itemStates\\doingItemState.ts": {"path":"G:\\avans\\eindproject soa3.3\\soa3ProjectManagementSysteem\\src\\states\\itemStates\\doingItemState.ts","statementMap":{"0":{"start":{"line":9,"column":8},"end":{"line":9,"column":25}},"1":{"start":{"line":10,"column":8},"end":{"line":10,"column":null}},"2":{"start":{"line":14,"column":8},"end":{"line":14,"column":51}},"3":{"start":{"line":18,"column":8},"end":{"line":18,"column":51}},"4":{"start":{"line":22,"column":8},"end":{"line":22,"column":51}},"5":{"start":{"line":26,"column":8},"end":{"line":26,"column":51}},"6":{"start":{"line":4,"column":0},"end":{"line":4,"column":13}}},"fnMap":{"0":{"name":"(anonymous_0)","decl":{"start":{"line":8,"column":4},"end":{"line":8,"column":16}},"loc":{"start":{"line":8,"column":26},"end":{"line":11,"column":5}}},"1":{"name":"(anonymous_1)","decl":{"start":{"line":13,"column":4},"end":{"line":13,"column":11}},"loc":{"start":{"line":13,"column":11},"end":{"line":15,"column":5}}},"2":{"name":"(anonymous_2)","decl":{"start":{"line":17,"column":4},"end":{"line":17,"column":14}},"loc":{"start":{"line":17,"column":14},"end":{"line":19,"column":5}}},"3":{"name":"(anonymous_3)","decl":{"start":{"line":21,"column":4},"end":{"line":21,"column":12}},"loc":{"start":{"line":21,"column":12},"end":{"line":23,"column":5}}},"4":{"name":"(anonymous_4)","decl":{"start":{"line":25,"column":4},"end":{"line":25,"column":14}},"loc":{"start":{"line":25,"column":14},"end":{"line":27,"column":5}}}},"branchMap":{},"s":{"0":6,"1":6,"2":0,"3":0,"4":0,"5":0,"6":1},"f":{"0":6,"1":0,"2":0,"3":0,"4":0},"b":{}}
,"G:\\avans\\eindproject soa3.3\\soa3ProjectManagementSysteem\\src\\states\\itemStates\\doneItemState.ts": {"path":"G:\\avans\\eindproject soa3.3\\soa3ProjectManagementSysteem\\src\\states\\itemStates\\doneItemState.ts","statementMap":{"0":{"start":{"line":9,"column":8},"end":{"line":9,"column":25}},"1":{"start":{"line":10,"column":8},"end":{"line":10,"column":null}},"2":{"start":{"line":14,"column":8},"end":{"line":14,"column":51}},"3":{"start":{"line":18,"column":8},"end":{"line":18,"column":51}},"4":{"start":{"line":22,"column":8},"end":{"line":22,"column":51}},"5":{"start":{"line":26,"column":8},"end":{"line":26,"column":51}},"6":{"start":{"line":4,"column":0},"end":{"line":4,"column":13}}},"fnMap":{"0":{"name":"(anonymous_0)","decl":{"start":{"line":8,"column":4},"end":{"line":8,"column":16}},"loc":{"start":{"line":8,"column":26},"end":{"line":11,"column":5}}},"1":{"name":"(anonymous_1)","decl":{"start":{"line":13,"column":4},"end":{"line":13,"column":11}},"loc":{"start":{"line":13,"column":11},"end":{"line":15,"column":5}}},"2":{"name":"(anonymous_2)","decl":{"start":{"line":17,"column":4},"end":{"line":17,"column":14}},"loc":{"start":{"line":17,"column":14},"end":{"line":19,"column":5}}},"3":{"name":"(anonymous_3)","decl":{"start":{"line":21,"column":4},"end":{"line":21,"column":12}},"loc":{"start":{"line":21,"column":12},"end":{"line":23,"column":5}}},"4":{"name":"(anonymous_4)","decl":{"start":{"line":25,"column":4},"end":{"line":25,"column":14}},"loc":{"start":{"line":25,"column":14},"end":{"line":27,"column":5}}}},"branchMap":{},"s":{"0":6,"1":6,"2":0,"3":0,"4":0,"5":0,"6":1},"f":{"0":6,"1":0,"2":0,"3":0,"4":0},"b":{}}
,"G:\\avans\\eindproject soa3.3\\soa3ProjectManagementSysteem\\src\\states\\itemStates\\readyForTestingItemState.ts": {"path":"G:\\avans\\eindproject soa3.3\\soa3ProjectManagementSysteem\\src\\states\\itemStates\\readyForTestingItemState.ts","statementMap":{"0":{"start":{"line":9,"column":8},"end":{"line":9,"column":25}},"1":{"start":{"line":10,"column":8},"end":{"line":10,"column":null}},"2":{"start":{"line":14,"column":8},"end":{"line":14,"column":51}},"3":{"start":{"line":18,"column":8},"end":{"line":18,"column":51}},"4":{"start":{"line":22,"column":8},"end":{"line":22,"column":51}},"5":{"start":{"line":26,"column":8},"end":{"line":26,"column":51}},"6":{"start":{"line":4,"column":0},"end":{"line":4,"column":13}}},"fnMap":{"0":{"name":"(anonymous_0)","decl":{"start":{"line":8,"column":4},"end":{"line":8,"column":16}},"loc":{"start":{"line":8,"column":26},"end":{"line":11,"column":5}}},"1":{"name":"(anonymous_1)","decl":{"start":{"line":13,"column":4},"end":{"line":13,"column":11}},"loc":{"start":{"line":13,"column":11},"end":{"line":15,"column":5}}},"2":{"name":"(anonymous_2)","decl":{"start":{"line":17,"column":4},"end":{"line":17,"column":14}},"loc":{"start":{"line":17,"column":14},"end":{"line":19,"column":5}}},"3":{"name":"(anonymous_3)","decl":{"start":{"line":21,"column":4},"end":{"line":21,"column":12}},"loc":{"start":{"line":21,"column":12},"end":{"line":23,"column":5}}},"4":{"name":"(anonymous_4)","decl":{"start":{"line":25,"column":4},"end":{"line":25,"column":14}},"loc":{"start":{"line":25,"column":14},"end":{"line":27,"column":5}}}},"branchMap":{},"s":{"0":6,"1":6,"2":0,"3":0,"4":0,"5":0,"6":1},"f":{"0":6,"1":0,"2":0,"3":0,"4":0},"b":{}}
,"G:\\avans\\eindproject soa3.3\\soa3ProjectManagementSysteem\\src\\states\\itemStates\\testedItemState.ts": {"path":"G:\\avans\\eindproject soa3.3\\soa3ProjectManagementSysteem\\src\\states\\itemStates\\testedItemState.ts","statementMap":{"0":{"start":{"line":9,"column":8},"end":{"line":9,"column":25}},"1":{"start":{"line":10,"column":8},"end":{"line":10,"column":null}},"2":{"start":{"line":14,"column":8},"end":{"line":14,"column":51}},"3":{"start":{"line":18,"column":8},"end":{"line":18,"column":51}},"4":{"start":{"line":22,"column":8},"end":{"line":22,"column":51}},"5":{"start":{"line":26,"column":8},"end":{"line":26,"column":51}},"6":{"start":{"line":4,"column":0},"end":{"line":4,"column":13}}},"fnMap":{"0":{"name":"(anonymous_0)","decl":{"start":{"line":8,"column":4},"end":{"line":8,"column":16}},"loc":{"start":{"line":8,"column":26},"end":{"line":11,"column":5}}},"1":{"name":"(anonymous_1)","decl":{"start":{"line":13,"column":4},"end":{"line":13,"column":11}},"loc":{"start":{"line":13,"column":11},"end":{"line":15,"column":5}}},"2":{"name":"(anonymous_2)","decl":{"start":{"line":17,"column":4},"end":{"line":17,"column":14}},"loc":{"start":{"line":17,"column":14},"end":{"line":19,"column":5}}},"3":{"name":"(anonymous_3)","decl":{"start":{"line":21,"column":4},"end":{"line":21,"column":12}},"loc":{"start":{"line":21,"column":12},"end":{"line":23,"column":5}}},"4":{"name":"(anonymous_4)","decl":{"start":{"line":25,"column":4},"end":{"line":25,"column":14}},"loc":{"start":{"line":25,"column":14},"end":{"line":27,"column":5}}}},"branchMap":{},"s":{"0":6,"1":6,"2":0,"3":0,"4":0,"5":0,"6":1},"f":{"0":6,"1":0,"2":0,"3":0,"4":0},"b":{}}
,"G:\\avans\\eindproject soa3.3\\soa3ProjectManagementSysteem\\src\\states\\itemStates\\testingItemState.ts": {"path":"G:\\avans\\eindproject soa3.3\\soa3ProjectManagementSysteem\\src\\states\\itemStates\\testingItemState.ts","statementMap":{"0":{"start":{"line":9,"column":8},"end":{"line":9,"column":25}},"1":{"start":{"line":10,"column":8},"end":{"line":10,"column":null}},"2":{"start":{"line":14,"column":8},"end":{"line":14,"column":51}},"3":{"start":{"line":18,"column":8},"end":{"line":18,"column":51}},"4":{"start":{"line":22,"column":8},"end":{"line":22,"column":51}},"5":{"start":{"line":26,"column":8},"end":{"line":26,"column":51}},"6":{"start":{"line":4,"column":0},"end":{"line":4,"column":13}}},"fnMap":{"0":{"name":"(anonymous_0)","decl":{"start":{"line":8,"column":4},"end":{"line":8,"column":16}},"loc":{"start":{"line":8,"column":26},"end":{"line":11,"column":5}}},"1":{"name":"(anonymous_1)","decl":{"start":{"line":13,"column":4},"end":{"line":13,"column":11}},"loc":{"start":{"line":13,"column":11},"end":{"line":15,"column":5}}},"2":{"name":"(anonymous_2)","decl":{"start":{"line":17,"column":4},"end":{"line":17,"column":14}},"loc":{"start":{"line":17,"column":14},"end":{"line":19,"column":5}}},"3":{"name":"(anonymous_3)","decl":{"start":{"line":21,"column":4},"end":{"line":21,"column":12}},"loc":{"start":{"line":21,"column":12},"end":{"line":23,"column":5}}},"4":{"name":"(anonymous_4)","decl":{"start":{"line":25,"column":4},"end":{"line":25,"column":14}},"loc":{"start":{"line":25,"column":14},"end":{"line":27,"column":5}}}},"branchMap":{},"s":{"0":6,"1":6,"2":0,"3":0,"4":0,"5":0,"6":1},"f":{"0":6,"1":0,"2":0,"3":0,"4":0},"b":{}}
,"G:\\avans\\eindproject soa3.3\\soa3ProjectManagementSysteem\\src\\states\\itemStates\\todoItemState.ts": {"path":"G:\\avans\\eindproject soa3.3\\soa3ProjectManagementSysteem\\src\\states\\itemStates\\todoItemState.ts","statementMap":{"0":{"start":{"line":9,"column":8},"end":{"line":9,"column":25}},"1":{"start":{"line":10,"column":8},"end":{"line":10,"column":null}},"2":{"start":{"line":14,"column":8},"end":{"line":14,"column":51}},"3":{"start":{"line":18,"column":8},"end":{"line":18,"column":51}},"4":{"start":{"line":22,"column":8},"end":{"line":22,"column":51}},"5":{"start":{"line":26,"column":8},"end":{"line":26,"column":51}},"6":{"start":{"line":4,"column":0},"end":{"line":4,"column":13}}},"fnMap":{"0":{"name":"(anonymous_0)","decl":{"start":{"line":8,"column":4},"end":{"line":8,"column":16}},"loc":{"start":{"line":8,"column":26},"end":{"line":11,"column":5}}},"1":{"name":"(anonymous_1)","decl":{"start":{"line":13,"column":4},"end":{"line":13,"column":11}},"loc":{"start":{"line":13,"column":11},"end":{"line":15,"column":5}}},"2":{"name":"(anonymous_2)","decl":{"start":{"line":17,"column":4},"end":{"line":17,"column":14}},"loc":{"start":{"line":17,"column":14},"end":{"line":19,"column":5}}},"3":{"name":"(anonymous_3)","decl":{"start":{"line":21,"column":4},"end":{"line":21,"column":12}},"loc":{"start":{"line":21,"column":12},"end":{"line":23,"column":5}}},"4":{"name":"(anonymous_4)","decl":{"start":{"line":25,"column":4},"end":{"line":25,"column":14}},"loc":{"start":{"line":25,"column":14},"end":{"line":27,"column":5}}}},"branchMap":{},"s":{"0":6,"1":6,"2":0,"3":0,"4":0,"5":0,"6":1},"f":{"0":6,"1":0,"2":0,"3":0,"4":0},"b":{}}
,"G:\\avans\\eindproject soa3.3\\soa3ProjectManagementSysteem\\src\\states\\sprintState\\cancelledSprintState.ts": {"path":"G:\\avans\\eindproject soa3.3\\soa3ProjectManagementSysteem\\src\\states\\sprintState\\cancelledSprintState.ts","statementMap":{"0":{"start":{"line":8,"column":8},"end":{"line":8,"column":30}},"1":{"start":{"line":12,"column":8},"end":{"line":12,"column":71}},"2":{"start":{"line":15,"column":8},"end":{"line":15,"column":55}},"3":{"start":{"line":18,"column":8},"end":{"line":18,"column":69}},"4":{"start":{"line":4,"column":0},"end":{"line":4,"column":13}}},"fnMap":{"0":{"name":"(anonymous_0)","decl":{"start":{"line":7,"column":4},"end":{"line":7,"column":16}},"loc":{"start":{"line":7,"column":31},"end":{"line":9,"column":5}}},"1":{"name":"(anonymous_1)","decl":{"start":{"line":11,"column":4},"end":{"line":11,"column":24}},"loc":{"start":{"line":11,"column":38},"end":{"line":13,"column":5}}},"2":{"name":"(anonymous_2)","decl":{"start":{"line":14,"column":4},"end":{"line":14,"column":14}},"loc":{"start":{"line":14,"column":14},"end":{"line":16,"column":5}}},"3":{"name":"(anonymous_3)","decl":{"start":{"line":17,"column":4},"end":{"line":17,"column":13}},"loc":{"start":{"line":17,"column":13},"end":{"line":19,"column":5}}}},"branchMap":{},"s":{"0":4,"1":0,"2":0,"3":0,"4":1},"f":{"0":4,"1":0,"2":0,"3":0},"b":{}}
,"G:\\avans\\eindproject soa3.3\\soa3ProjectManagementSysteem\\src\\states\\sprintState\\closedSprintState.ts": {"path":"G:\\avans\\eindproject soa3.3\\soa3ProjectManagementSysteem\\src\\states\\sprintState\\closedSprintState.ts","statementMap":{"0":{"start":{"line":8,"column":8},"end":{"line":8,"column":30}},"1":{"start":{"line":12,"column":8},"end":{"line":12,"column":71}},"2":{"start":{"line":15,"column":8},"end":{"line":15,"column":55}},"3":{"start":{"line":18,"column":8},"end":{"line":18,"column":69}},"4":{"start":{"line":4,"column":0},"end":{"line":4,"column":13}}},"fnMap":{"0":{"name":"(anonymous_0)","decl":{"start":{"line":7,"column":4},"end":{"line":7,"column":16}},"loc":{"start":{"line":7,"column":31},"end":{"line":9,"column":5}}},"1":{"name":"(anonymous_1)","decl":{"start":{"line":11,"column":4},"end":{"line":11,"column":24}},"loc":{"start":{"line":11,"column":38},"end":{"line":13,"column":5}}},"2":{"name":"(anonymous_2)","decl":{"start":{"line":14,"column":4},"end":{"line":14,"column":14}},"loc":{"start":{"line":14,"column":14},"end":{"line":16,"column":5}}},"3":{"name":"(anonymous_3)","decl":{"start":{"line":17,"column":4},"end":{"line":17,"column":13}},"loc":{"start":{"line":17,"column":13},"end":{"line":19,"column":5}}}},"branchMap":{},"s":{"0":4,"1":0,"2":0,"3":0,"4":1},"f":{"0":4,"1":0,"2":0,"3":0},"b":{}}
,"G:\\avans\\eindproject soa3.3\\soa3ProjectManagementSysteem\\src\\states\\sprintState\\createdSprintState.ts": {"path":"G:\\avans\\eindproject soa3.3\\soa3ProjectManagementSysteem\\src\\states\\sprintState\\createdSprintState.ts","statementMap":{"0":{"start":{"line":8,"column":8},"end":{"line":8,"column":30}},"1":{"start":{"line":12,"column":24},"end":{"line":12,"column":70}},"2":{"start":{"line":13,"column":8},"end":{"line":13,"column":null}},"3":{"start":{"line":17,"column":8},"end":{"line":19,"column":null}},"4":{"start":{"line":18,"column":12},"end":{"line":18,"column":38}},"5":{"start":{"line":20,"column":8},"end":{"line":22,"column":null}},"6":{"start":{"line":21,"column":12},"end":{"line":21,"column":48}},"7":{"start":{"line":23,"column":8},"end":{"line":25,"column":null}},"8":{"start":{"line":24,"column":12},"end":{"line":24,"column":44}},"9":{"start":{"line":29,"column":8},"end":{"line":29,"column":69}},"10":{"start":{"line":4,"column":0},"end":{"line":4,"column":13}}},"fnMap":{"0":{"name":"(anonymous_0)","decl":{"start":{"line":7,"column":4},"end":{"line":7,"column":16}},"loc":{"start":{"line":7,"column":31},"end":{"line":9,"column":5}}},"1":{"name":"(anonymous_1)","decl":{"start":{"line":11,"column":4},"end":{"line":11,"column":24}},"loc":{"start":{"line":11,"column":38},"end":{"line":14,"column":5}}},"2":{"name":"(anonymous_2)","decl":{"start":{"line":16,"column":4},"end":{"line":16,"column":14}},"loc":{"start":{"line":16,"column":62},"end":{"line":26,"column":5}}},"3":{"name":"(anonymous_3)","decl":{"start":{"line":28,"column":4},"end":{"line":28,"column":13}},"loc":{"start":{"line":28,"column":13},"end":{"line":30,"column":5}}}},"branchMap":{"0":{"loc":{"start":{"line":17,"column":8},"end":{"line":19,"column":null}},"type":"if","locations":[{"start":{"line":17,"column":8},"end":{"line":19,"column":null}}]},"1":{"loc":{"start":{"line":20,"column":8},"end":{"line":22,"column":null}},"type":"if","locations":[{"start":{"line":20,"column":8},"end":{"line":22,"column":null}}]},"2":{"loc":{"start":{"line":23,"column":8},"end":{"line":25,"column":null}},"type":"if","locations":[{"start":{"line":23,"column":8},"end":{"line":25,"column":null}}]}},"s":{"0":4,"1":1,"2":1,"3":1,"4":0,"5":1,"6":0,"7":1,"8":0,"9":1,"10":1},"f":{"0":4,"1":1,"2":1,"3":1},"b":{"0":[0],"1":[0],"2":[0]}}
,"G:\\avans\\eindproject soa3.3\\soa3ProjectManagementSysteem\\src\\states\\sprintState\\finishedSprintState.ts": {"path":"G:\\avans\\eindproject soa3.3\\soa3ProjectManagementSysteem\\src\\states\\sprintState\\finishedSprintState.ts","statementMap":{"0":{"start":{"line":8,"column":8},"end":{"line":8,"column":30}},"1":{"start":{"line":12,"column":8},"end":{"line":12,"column":71}},"2":{"start":{"line":15,"column":8},"end":{"line":15,"column":55}},"3":{"start":{"line":18,"column":8},"end":{"line":23,"column":null}},"4":{"start":{"line":19,"column":12},"end":{"line":19,"column":71}},"5":{"start":{"line":20,"column":12},"end":{"line":20,"column":46}},"6":{"start":{"line":22,"column":12},"end":{"line":22,"column":72}},"7":{"start":{"line":4,"column":0},"end":{"line":4,"column":13}}},"fnMap":{"0":{"name":"(anonymous_0)","decl":{"start":{"line":7,"column":4},"end":{"line":7,"column":16}},"loc":{"start":{"line":7,"column":31},"end":{"line":9,"column":5}}},"1":{"name":"(anonymous_1)","decl":{"start":{"line":11,"column":4},"end":{"line":11,"column":24}},"loc":{"start":{"line":11,"column":38},"end":{"line":13,"column":5}}},"2":{"name":"(anonymous_2)","decl":{"start":{"line":14,"column":4},"end":{"line":14,"column":14}},"loc":{"start":{"line":14,"column":14},"end":{"line":16,"column":5}}},"3":{"name":"(anonymous_3)","decl":{"start":{"line":17,"column":4},"end":{"line":17,"column":13}},"loc":{"start":{"line":17,"column":13},"end":{"line":24,"column":5}}}},"branchMap":{"0":{"loc":{"start":{"line":18,"column":8},"end":{"line":23,"column":null}},"type":"if","locations":[{"start":{"line":18,"column":8},"end":{"line":23,"column":null}},{"start":{"line":21,"column":15},"end":{"line":23,"column":null}}]}},"s":{"0":4,"1":0,"2":0,"3":1,"4":1,"5":1,"6":0,"7":1},"f":{"0":4,"1":0,"2":0,"3":1},"b":{"0":[1,0]}}
,"G:\\avans\\eindproject soa3.3\\soa3ProjectManagementSysteem\\src\\states\\sprintState\\inProgressSprintState.ts": {"path":"G:\\avans\\eindproject soa3.3\\soa3ProjectManagementSysteem\\src\\states\\sprintState\\inProgressSprintState.ts","statementMap":{"0":{"start":{"line":8,"column":8},"end":{"line":8,"column":30}},"1":{"start":{"line":12,"column":8},"end":{"line":12,"column":71}},"2":{"start":{"line":15,"column":8},"end":{"line":15,"column":55}},"3":{"start":{"line":18,"column":8},"end":{"line":18,"column":67}},"4":{"start":{"line":4,"column":0},"end":{"line":4,"column":13}}},"fnMap":{"0":{"name":"(anonymous_0)","decl":{"start":{"line":7,"column":4},"end":{"line":7,"column":16}},"loc":{"start":{"line":7,"column":31},"end":{"line":9,"column":5}}},"1":{"name":"(anonymous_1)","decl":{"start":{"line":11,"column":4},"end":{"line":11,"column":24}},"loc":{"start":{"line":11,"column":38},"end":{"line":13,"column":5}}},"2":{"name":"(anonymous_2)","decl":{"start":{"line":14,"column":4},"end":{"line":14,"column":14}},"loc":{"start":{"line":14,"column":14},"end":{"line":16,"column":5}}},"3":{"name":"(anonymous_3)","decl":{"start":{"line":17,"column":4},"end":{"line":17,"column":13}},"loc":{"start":{"line":17,"column":13},"end":{"line":19,"column":5}}}},"branchMap":{},"s":{"0":4,"1":0,"2":0,"3":1,"4":1},"f":{"0":4,"1":0,"2":0,"3":1},"b":{}}
,"G:\\avans\\eindproject soa3.3\\soa3ProjectManagementSysteem\\src\\states\\sprintState\\reviewedSprintState.ts": {"path":"G:\\avans\\eindproject soa3.3\\soa3ProjectManagementSysteem\\src\\states\\sprintState\\reviewedSprintState.ts","statementMap":{"0":{"start":{"line":8,"column":8},"end":{"line":8,"column":30}},"1":{"start":{"line":12,"column":8},"end":{"line":12,"column":71}},"2":{"start":{"line":15,"column":8},"end":{"line":15,"column":55}},"3":{"start":{"line":19,"column":8},"end":{"line":23,"column":null}},"4":{"start":{"line":20,"column":12},"end":{"line":20,"column":69}},"5":{"start":{"line":22,"column":12},"end":{"line":22,"column":null}},"6":{"start":{"line":4,"column":0},"end":{"line":4,"column":13}}},"fnMap":{"0":{"name":"(anonymous_0)","decl":{"start":{"line":7,"column":4},"end":{"line":7,"column":16}},"loc":{"start":{"line":7,"column":31},"end":{"line":9,"column":5}}},"1":{"name":"(anonymous_1)","decl":{"start":{"line":11,"column":4},"end":{"line":11,"column":24}},"loc":{"start":{"line":11,"column":38},"end":{"line":13,"column":5}}},"2":{"name":"(anonymous_2)","decl":{"start":{"line":14,"column":4},"end":{"line":14,"column":14}},"loc":{"start":{"line":14,"column":14},"end":{"line":16,"column":5}}},"3":{"name":"(anonymous_3)","decl":{"start":{"line":17,"column":4},"end":{"line":17,"column":13}},"loc":{"start":{"line":17,"column":13},"end":{"line":24,"column":5}}}},"branchMap":{"0":{"loc":{"start":{"line":19,"column":8},"end":{"line":23,"column":null}},"type":"if","locations":[{"start":{"line":19,"column":8},"end":{"line":23,"column":null}},{"start":{"line":21,"column":15},"end":{"line":23,"column":null}}]}},"s":{"0":4,"1":0,"2":0,"3":1,"4":1,"5":0,"6":1},"f":{"0":4,"1":0,"2":0,"3":1},"b":{"0":[1,0]}}
,"G:\\avans\\eindproject soa3.3\\soa3ProjectManagementSysteem\\src\\users\\productOwner.ts": {"path":"G:\\avans\\eindproject soa3.3\\soa3ProjectManagementSysteem\\src\\users\\productOwner.ts","statementMap":{"0":{"start":{"line":10,"column":8},"end":{"line":10,"column":null}},"1":{"start":{"line":11,"column":8},"end":{"line":11,"column":25}},"2":{"start":{"line":12,"column":8},"end":{"line":12,"column":45}},"3":{"start":{"line":16,"column":8},"end":{"line":16,"column":54}},"4":{"start":{"line":4,"column":0},"end":{"line":4,"column":13}}},"fnMap":{"0":{"name":"(anonymous_0)","decl":{"start":{"line":9,"column":4},"end":{"line":9,"column":16}},"loc":{"start":{"line":9,"column":72},"end":{"line":13,"column":5}}},"1":{"name":"(anonymous_1)","decl":{"start":{"line":15,"column":4},"end":{"line":15,"column":20}},"loc":{"start":{"line":15,"column":41},"end":{"line":17,"column":5}}}},"branchMap":{},"s":{"0":5,"1":5,"2":5,"3":0,"4":1},"f":{"0":5,"1":0},"b":{}}
}
