{"C:\\Users\\Caela\\source\\repos\\soa3ProjectManagementSysteem\\src\\core\\project.ts": {"path":"C:\\Users\\Caela\\source\\repos\\soa3ProjectManagementSysteem\\src\\core\\project.ts","statementMap":{"0":{"start":{"line":7,"column":8},"end":{"line":7,"column":51}},"1":{"start":{"line":11,"column":8},"end":{"line":11,"column":38}},"2":{"start":{"line":3,"column":0},"end":{"line":3,"column":13}}},"fnMap":{"0":{"name":"(anonymous_0)","decl":{"start":{"line":6,"column":4},"end":{"line":6,"column":16}},"loc":{"start":{"line":6,"column":52},"end":{"line":8,"column":5}}},"1":{"name":"(anonymous_1)","decl":{"start":{"line":10,"column":4},"end":{"line":10,"column":24}},"loc":{"start":{"line":10,"column":24},"end":{"line":12,"column":5}}}},"branchMap":{},"s":{"0":1,"1":1,"2":1},"f":{"0":1,"1":1},"b":{}}
,"C:\\Users\\Caela\\source\\repos\\soa3ProjectManagementSysteem\\src\\core\\projectManagement.ts": {"path":"C:\\Users\\Caela\\source\\repos\\soa3ProjectManagementSysteem\\src\\core\\projectManagement.ts","statementMap":{"0":{"start":{"line":4,"column":12},"end":{"line":4,"column":35}},"1":{"start":{"line":7,"column":8},"end":{"line":7,"column":34}},"2":{"start":{"line":11,"column":8},"end":{"line":11,"column":null}},"3":{"start":{"line":3,"column":0},"end":{"line":3,"column":13}}},"fnMap":{"0":{"name":"(anonymous_0)","decl":{"start":{"line":6,"column":4},"end":{"line":6,"column":16}},"loc":{"start":{"line":6,"column":30},"end":{"line":8,"column":5}}},"1":{"name":"(anonymous_1)","decl":{"start":{"line":10,"column":4},"end":{"line":10,"column":14}},"loc":{"start":{"line":10,"column":14},"end":{"line":12,"column":5}}}},"branchMap":{},"s":{"0":1,"1":1,"2":1,"3":1},"f":{"0":1,"1":1},"b":{}}
,"C:\\Users\\Caela\\source\\repos\\soa3ProjectManagementSysteem\\src\\core\\sprint.ts": {"path":"C:\\Users\\Caela\\source\\repos\\soa3ProjectManagementSysteem\\src\\core\\sprint.ts","statementMap":{"0":{"start":{"line":2,"column":0},"end":{"line":2,"column":80}},"1":{"start":{"line":3,"column":0},"end":{"line":3,"column":84}},"2":{"start":{"line":4,"column":0},"end":{"line":4,"column":80}},"3":{"start":{"line":5,"column":0},"end":{"line":5,"column":78}},"4":{"start":{"line":6,"column":0},"end":{"line":6,"column":82}},"5":{"start":{"line":22,"column":8},"end":{"line":22,"column":63}},"6":{"start":{"line":23,"column":8},"end":{"line":23,"column":69}},"7":{"start":{"line":24,"column":8},"end":{"line":24,"column":65}},"8":{"start":{"line":25,"column":8},"end":{"line":25,"column":65}},"9":{"start":{"line":26,"column":8},"end":{"line":26,"column":67}},"10":{"start":{"line":28,"column":8},"end":{"line":28,"column":46}},"11":{"start":{"line":30,"column":8},"end":{"line":30,"column":25}},"12":{"start":{"line":31,"column":8},"end":{"line":31,"column":57}},"13":{"start":{"line":9,"column":0},"end":{"line":9,"column":13}}},"fnMap":{"0":{"name":"(anonymous_0)","decl":{"start":{"line":21,"column":4},"end":{"line":21,"column":16}},"loc":{"start":{"line":21,"column":72},"end":{"line":32,"column":5}}}},"branchMap":{},"s":{"0":1,"1":1,"2":1,"3":1,"4":1,"5":1,"6":1,"7":1,"8":1,"9":1,"10":1,"11":1,"12":1,"13":1},"f":{"0":1},"b":{}}
,"C:\\Users\\Caela\\source\\repos\\soa3ProjectManagementSysteem\\src\\reportExportStrategy\\exportReportToPDF.ts": {"path":"C:\\Users\\Caela\\source\\repos\\soa3ProjectManagementSysteem\\src\\reportExportStrategy\\exportReportToPDF.ts","statementMap":{"0":{"start":{"line":6,"column":8},"end":{"line":6,"column":51}},"1":{"start":{"line":4,"column":0},"end":{"line":4,"column":13}}},"fnMap":{"0":{"name":"(anonymous_0)","decl":{"start":{"line":5,"column":4},"end":{"line":5,"column":16}},"loc":{"start":{"line":5,"column":31},"end":{"line":7,"column":5}}}},"branchMap":{},"s":{"0":0,"1":1},"f":{"0":0},"b":{}}
,"C:\\Users\\Caela\\source\\repos\\soa3ProjectManagementSysteem\\src\\sprintState\\states\\cancelledSprintState.ts": {"path":"C:\\Users\\Caela\\source\\repos\\soa3ProjectManagementSysteem\\src\\sprintState\\states\\cancelledSprintState.ts","statementMap":{"0":{"start":{"line":9,"column":8},"end":{"line":9,"column":28}},"1":{"start":{"line":10,"column":8},"end":{"line":10,"column":34}},"2":{"start":{"line":14,"column":8},"end":{"line":14,"column":51}},"3":{"start":{"line":17,"column":8},"end":{"line":17,"column":51}},"4":{"start":{"line":20,"column":8},"end":{"line":20,"column":51}},"5":{"start":{"line":23,"column":8},"end":{"line":23,"column":51}},"6":{"start":{"line":4,"column":0},"end":{"line":4,"column":13}}},"fnMap":{"0":{"name":"(anonymous_0)","decl":{"start":{"line":8,"column":4},"end":{"line":8,"column":16}},"loc":{"start":{"line":8,"column":30},"end":{"line":11,"column":5}}},"1":{"name":"(anonymous_1)","decl":{"start":{"line":13,"column":4},"end":{"line":13,"column":13}},"loc":{"start":{"line":13,"column":13},"end":{"line":15,"column":5}}},"2":{"name":"(anonymous_2)","decl":{"start":{"line":16,"column":4},"end":{"line":16,"column":16}},"loc":{"start":{"line":16,"column":16},"end":{"line":18,"column":5}}},"3":{"name":"(anonymous_3)","decl":{"start":{"line":19,"column":4},"end":{"line":19,"column":14}},"loc":{"start":{"line":19,"column":14},"end":{"line":21,"column":5}}},"4":{"name":"(anonymous_4)","decl":{"start":{"line":22,"column":4},"end":{"line":22,"column":16}},"loc":{"start":{"line":22,"column":16},"end":{"line":24,"column":5}}}},"branchMap":{},"s":{"0":1,"1":1,"2":0,"3":0,"4":0,"5":0,"6":1},"f":{"0":1,"1":0,"2":0,"3":0,"4":0},"b":{}}
,"C:\\Users\\Caela\\source\\repos\\soa3ProjectManagementSysteem\\src\\sprintState\\states\\createdSprintState.ts": {"path":"C:\\Users\\Caela\\source\\repos\\soa3ProjectManagementSysteem\\src\\sprintState\\states\\createdSprintState.ts","statementMap":{"0":{"start":{"line":9,"column":8},"end":{"line":9,"column":28}},"1":{"start":{"line":10,"column":8},"end":{"line":10,"column":34}},"2":{"start":{"line":14,"column":8},"end":{"line":14,"column":51}},"3":{"start":{"line":17,"column":8},"end":{"line":17,"column":51}},"4":{"start":{"line":20,"column":8},"end":{"line":20,"column":51}},"5":{"start":{"line":23,"column":8},"end":{"line":23,"column":51}},"6":{"start":{"line":4,"column":0},"end":{"line":4,"column":13}}},"fnMap":{"0":{"name":"(anonymous_0)","decl":{"start":{"line":8,"column":4},"end":{"line":8,"column":16}},"loc":{"start":{"line":8,"column":30},"end":{"line":11,"column":5}}},"1":{"name":"(anonymous_1)","decl":{"start":{"line":13,"column":4},"end":{"line":13,"column":13}},"loc":{"start":{"line":13,"column":13},"end":{"line":15,"column":5}}},"2":{"name":"(anonymous_2)","decl":{"start":{"line":16,"column":4},"end":{"line":16,"column":16}},"loc":{"start":{"line":16,"column":16},"end":{"line":18,"column":5}}},"3":{"name":"(anonymous_3)","decl":{"start":{"line":19,"column":4},"end":{"line":19,"column":14}},"loc":{"start":{"line":19,"column":14},"end":{"line":21,"column":5}}},"4":{"name":"(anonymous_4)","decl":{"start":{"line":22,"column":4},"end":{"line":22,"column":16}},"loc":{"start":{"line":22,"column":16},"end":{"line":24,"column":5}}}},"branchMap":{},"s":{"0":1,"1":1,"2":0,"3":0,"4":0,"5":0,"6":1},"f":{"0":1,"1":0,"2":0,"3":0,"4":0},"b":{}}
,"C:\\Users\\Caela\\source\\repos\\soa3ProjectManagementSysteem\\src\\sprintState\\states\\finishedSprintState.ts": {"path":"C:\\Users\\Caela\\source\\repos\\soa3ProjectManagementSysteem\\src\\sprintState\\states\\finishedSprintState.ts","statementMap":{"0":{"start":{"line":9,"column":8},"end":{"line":9,"column":28}},"1":{"start":{"line":10,"column":8},"end":{"line":10,"column":34}},"2":{"start":{"line":14,"column":8},"end":{"line":14,"column":51}},"3":{"start":{"line":17,"column":8},"end":{"line":17,"column":51}},"4":{"start":{"line":20,"column":8},"end":{"line":20,"column":51}},"5":{"start":{"line":23,"column":8},"end":{"line":23,"column":51}},"6":{"start":{"line":4,"column":0},"end":{"line":4,"column":13}}},"fnMap":{"0":{"name":"(anonymous_0)","decl":{"start":{"line":8,"column":4},"end":{"line":8,"column":16}},"loc":{"start":{"line":8,"column":30},"end":{"line":11,"column":5}}},"1":{"name":"(anonymous_1)","decl":{"start":{"line":13,"column":4},"end":{"line":13,"column":13}},"loc":{"start":{"line":13,"column":13},"end":{"line":15,"column":5}}},"2":{"name":"(anonymous_2)","decl":{"start":{"line":16,"column":4},"end":{"line":16,"column":16}},"loc":{"start":{"line":16,"column":16},"end":{"line":18,"column":5}}},"3":{"name":"(anonymous_3)","decl":{"start":{"line":19,"column":4},"end":{"line":19,"column":14}},"loc":{"start":{"line":19,"column":14},"end":{"line":21,"column":5}}},"4":{"name":"(anonymous_4)","decl":{"start":{"line":22,"column":4},"end":{"line":22,"column":16}},"loc":{"start":{"line":22,"column":16},"end":{"line":24,"column":5}}}},"branchMap":{},"s":{"0":1,"1":1,"2":0,"3":0,"4":0,"5":0,"6":1},"f":{"0":1,"1":0,"2":0,"3":0,"4":0},"b":{}}
,"C:\\Users\\Caela\\source\\repos\\soa3ProjectManagementSysteem\\src\\sprintState\\states\\inProgressSprintState.ts": {"path":"C:\\Users\\Caela\\source\\repos\\soa3ProjectManagementSysteem\\src\\sprintState\\states\\inProgressSprintState.ts","statementMap":{"0":{"start":{"line":9,"column":8},"end":{"line":9,"column":28}},"1":{"start":{"line":10,"column":8},"end":{"line":10,"column":34}},"2":{"start":{"line":14,"column":8},"end":{"line":14,"column":51}},"3":{"start":{"line":17,"column":8},"end":{"line":17,"column":51}},"4":{"start":{"line":20,"column":8},"end":{"line":20,"column":51}},"5":{"start":{"line":23,"column":8},"end":{"line":23,"column":51}},"6":{"start":{"line":4,"column":0},"end":{"line":4,"column":13}}},"fnMap":{"0":{"name":"(anonymous_0)","decl":{"start":{"line":8,"column":4},"end":{"line":8,"column":16}},"loc":{"start":{"line":8,"column":30},"end":{"line":11,"column":5}}},"1":{"name":"(anonymous_1)","decl":{"start":{"line":13,"column":4},"end":{"line":13,"column":13}},"loc":{"start":{"line":13,"column":13},"end":{"line":15,"column":5}}},"2":{"name":"(anonymous_2)","decl":{"start":{"line":16,"column":4},"end":{"line":16,"column":16}},"loc":{"start":{"line":16,"column":16},"end":{"line":18,"column":5}}},"3":{"name":"(anonymous_3)","decl":{"start":{"line":19,"column":4},"end":{"line":19,"column":14}},"loc":{"start":{"line":19,"column":14},"end":{"line":21,"column":5}}},"4":{"name":"(anonymous_4)","decl":{"start":{"line":22,"column":4},"end":{"line":22,"column":16}},"loc":{"start":{"line":22,"column":16},"end":{"line":24,"column":5}}}},"branchMap":{},"s":{"0":1,"1":1,"2":0,"3":0,"4":0,"5":0,"6":1},"f":{"0":1,"1":0,"2":0,"3":0,"4":0},"b":{}}
,"C:\\Users\\Caela\\source\\repos\\soa3ProjectManagementSysteem\\src\\sprintState\\states\\reviewedSprintState.ts": {"path":"C:\\Users\\Caela\\source\\repos\\soa3ProjectManagementSysteem\\src\\sprintState\\states\\reviewedSprintState.ts","statementMap":{"0":{"start":{"line":9,"column":8},"end":{"line":9,"column":28}},"1":{"start":{"line":10,"column":8},"end":{"line":10,"column":34}},"2":{"start":{"line":14,"column":8},"end":{"line":14,"column":51}},"3":{"start":{"line":17,"column":8},"end":{"line":17,"column":51}},"4":{"start":{"line":20,"column":8},"end":{"line":20,"column":51}},"5":{"start":{"line":23,"column":8},"end":{"line":23,"column":51}},"6":{"start":{"line":4,"column":0},"end":{"line":4,"column":13}}},"fnMap":{"0":{"name":"(anonymous_0)","decl":{"start":{"line":8,"column":4},"end":{"line":8,"column":16}},"loc":{"start":{"line":8,"column":30},"end":{"line":11,"column":5}}},"1":{"name":"(anonymous_1)","decl":{"start":{"line":13,"column":4},"end":{"line":13,"column":13}},"loc":{"start":{"line":13,"column":13},"end":{"line":15,"column":5}}},"2":{"name":"(anonymous_2)","decl":{"start":{"line":16,"column":4},"end":{"line":16,"column":16}},"loc":{"start":{"line":16,"column":16},"end":{"line":18,"column":5}}},"3":{"name":"(anonymous_3)","decl":{"start":{"line":19,"column":4},"end":{"line":19,"column":14}},"loc":{"start":{"line":19,"column":14},"end":{"line":21,"column":5}}},"4":{"name":"(anonymous_4)","decl":{"start":{"line":22,"column":4},"end":{"line":22,"column":16}},"loc":{"start":{"line":22,"column":16},"end":{"line":24,"column":5}}}},"branchMap":{},"s":{"0":1,"1":1,"2":0,"3":0,"4":0,"5":0,"6":1},"f":{"0":1,"1":0,"2":0,"3":0,"4":0},"b":{}}
}
