TN:
SF:src\core\backlog.ts
FN:6,(anonymous_0)
FN:10,(anonymous_1)
FNF:2
FNH:1
FNDA:2,(anonymous_0)
FNDA:0,(anonymous_1)
DA:3,1
DA:7,2
DA:11,0
LF:3
LH:2
BRF:0
BRH:0
end_of_record
TN:
SF:src\core\project.ts
FN:6,(anonymous_0)
FN:10,(anonymous_1)
FNF:2
FNH:2
FNDA:1,(anonymous_0)
FNDA:1,(anonymous_1)
DA:3,1
DA:7,1
DA:11,1
LF:3
LH:3
BRF:0
BRH:0
end_of_record
TN:
SF:src\core\projectManagement.ts
FN:6,(anonymous_0)
FN:10,(anonymous_1)
FNF:2
FNH:2
FNDA:1,(anonymous_0)
FNDA:1,(anonymous_1)
DA:3,1
DA:4,1
DA:7,1
DA:11,1
LF:4
LH:4
BRF:0
BRH:0
end_of_record
TN:
SF:src\core\sprint.ts
FN:23,(anonymous_0)
FN:37,(anonymous_1)
FN:41,(anonymous_2)
FN:45,(anonymous_3)
FN:49,(anonymous_4)
FN:53,(anonymous_5)
FN:57,(anonymous_6)
FN:61,(anonymous_7)
FN:65,(anonymous_8)
FN:69,(anonymous_9)
FN:73,(anonymous_10)
FN:77,(anonymous_11)
FNF:12
FNH:4
FNDA:2,(anonymous_0)
FNDA:0,(anonymous_1)
FNDA:0,(anonymous_2)
FNDA:0,(anonymous_3)
FNDA:0,(anonymous_4)
FNDA:1,(anonymous_5)
FNDA:1,(anonymous_6)
FNDA:0,(anonymous_7)
FNDA:2,(anonymous_8)
FNDA:0,(anonymous_9)
FNDA:0,(anonymous_10)
FNDA:0,(anonymous_11)
DA:2,1
DA:3,1
DA:4,1
DA:5,1
DA:6,1
DA:10,1
DA:24,2
DA:25,2
DA:26,2
DA:27,2
DA:28,2
DA:30,2
DA:31,2
DA:33,2
DA:34,2
DA:38,0
DA:42,0
DA:46,0
DA:50,0
DA:54,1
DA:58,1
DA:62,0
DA:66,2
DA:70,0
DA:74,0
DA:78,0
LF:26
LH:18
BRF:0
BRH:0
end_of_record
TN:
SF:src\reportExportStrategy\exportReportToPNG.ts
FN:5,(anonymous_0)
FNF:1
FNH:0
FNDA:0,(anonymous_0)
DA:4,1
DA:6,0
LF:2
LH:1
BRF:0
BRH:0
end_of_record
TN:
SF:src\states\sprintState\cancelledSprintState.ts
FN:8,(anonymous_0)
FN:13,(anonymous_1)
FN:16,(anonymous_2)
FN:19,(anonymous_3)
FN:22,(anonymous_4)
FNF:5
FNH:1
FNDA:2,(anonymous_0)
FNDA:0,(anonymous_1)
FNDA:0,(anonymous_2)
FNDA:0,(anonymous_3)
FNDA:0,(anonymous_4)
DA:4,1
DA:9,2
DA:10,2
DA:14,0
DA:17,0
DA:20,0
DA:23,0
LF:7
LH:3
BRF:0
BRH:0
end_of_record
TN:
SF:src\states\sprintState\createdSprintState.ts
FN:8,(anonymous_0)
FN:13,(anonymous_1)
FN:16,(anonymous_2)
FN:19,(anonymous_3)
FN:22,(anonymous_4)
FNF:5
FNH:1
FNDA:2,(anonymous_0)
FNDA:0,(anonymous_1)
FNDA:0,(anonymous_2)
FNDA:0,(anonymous_3)
FNDA:0,(anonymous_4)
DA:4,1
DA:9,2
DA:10,2
DA:14,0
DA:17,0
DA:20,0
DA:23,0
LF:7
LH:3
BRF:0
BRH:0
end_of_record
TN:
SF:src\states\sprintState\finishedSprintState.ts
FN:8,(anonymous_0)
FN:13,(anonymous_1)
FN:16,(anonymous_2)
FN:19,(anonymous_3)
FN:22,(anonymous_4)
FNF:5
FNH:1
FNDA:2,(anonymous_0)
FNDA:0,(anonymous_1)
FNDA:0,(anonymous_2)
FNDA:0,(anonymous_3)
FNDA:0,(anonymous_4)
DA:4,1
DA:9,2
DA:10,2
DA:14,0
DA:17,0
DA:20,0
DA:23,0
LF:7
LH:3
BRF:0
BRH:0
end_of_record
TN:
SF:src\states\sprintState\inProgressSprintState.ts
FN:8,(anonymous_0)
FN:13,(anonymous_1)
FN:16,(anonymous_2)
FN:19,(anonymous_3)
FN:22,(anonymous_4)
FNF:5
FNH:1
FNDA:2,(anonymous_0)
FNDA:0,(anonymous_1)
FNDA:0,(anonymous_2)
FNDA:0,(anonymous_3)
FNDA:0,(anonymous_4)
DA:4,1
DA:9,2
DA:10,2
DA:14,0
DA:17,0
DA:20,0
DA:23,0
LF:7
LH:3
BRF:0
BRH:0
end_of_record
TN:
SF:src\states\sprintState\reviewedSprintState.ts
FN:8,(anonymous_0)
FN:13,(anonymous_1)
FN:16,(anonymous_2)
FN:19,(anonymous_3)
FN:22,(anonymous_4)
FNF:5
FNH:1
FNDA:2,(anonymous_0)
FNDA:0,(anonymous_1)
FNDA:0,(anonymous_2)
FNDA:0,(anonymous_3)
FNDA:0,(anonymous_4)
DA:4,1
DA:9,2
DA:10,2
DA:14,0
DA:17,0
DA:20,0
DA:23,0
LF:7
LH:3
BRF:0
BRH:0
end_of_record
